#
# There is insufficient memory for the Java Runtime Environment to continue.
# Native memory allocation (malloc) failed to allocate 32744 bytes for ChunkPool::allocate
# Possible reasons:
#   The system is out of physical RAM or swap space
#   In 32 bit mode, the process size limit was hit
# Possible solutions:
#   Reduce memory load on the system
#   Increase physical memory or swap space
#   Check if swap backing store is full
#   Use 64 bit Java on a 64 bit OS
#   Decrease Java heap size (-Xmx/-Xms)
#   Decrease number of Java threads
#   Decrease Java thread stack sizes (-Xss)
#   Set larger code cache with -XX:ReservedCodeCacheSize=
# This output file may be truncated or incomplete.
#
#  Out of Memory Error (allocation.cpp:273), pid=7528, tid=14128
#
# JRE version: Java(TM) SE Runtime Environment (8.0_73-b02) (build 1.8.0_73-b02)
# Java VM: Java HotSpot(TM) 64-Bit Server VM (25.73-b02 mixed mode windows-amd64 compressed oops)
# Failed to write core dump. Minidumps are not enabled by default on client versions of Windows
#

---------------  T H R E A D  ---------------

Current thread (0x000000001ff5f000):  JavaThread "localhost-startStop-1" daemon [_thread_in_vm, id=14128, stack(0x000000002aa90000,0x000000002ab90000)]

Stack: [0x000000002aa90000,0x000000002ab90000]
[error occurred during error reporting (printing stack bounds), id 0xc0000005]

Native frames: (J=compiled Java code, j=interpreted, Vv=VM code, C=native code)

Java frames: (J=compiled Java code, j=interpreted, Vv=VM code)
J 517  java.lang.Throwable.fillInStackTrace(I)Ljava/lang/Throwable; (0 bytes) @ 0x000000000299c1bb [0x000000000299c180+0x3b]
J 3848 C2 java.lang.Throwable.fillInStackTrace()Ljava/lang/Throwable; (29 bytes) @ 0x0000000003601e30 [0x0000000003601da0+0x90]
J 3215 C1 java.lang.Throwable.<init>(Ljava/lang/String;)V (34 bytes) @ 0x0000000003394eac [0x0000000003394d00+0x1ac]
J 3052 C1 java.lang.ReflectiveOperationException.<init>(Ljava/lang/String;)V (6 bytes) @ 0x00000000032b8704 [0x00000000032b8640+0xc4]
J 7128 C2 java.lang.Class.getDeclaredMethod(Ljava/lang/String;[Ljava/lang/Class;)Ljava/lang/reflect/Method; (67 bytes) @ 0x00000000034baf0c [0x00000000034ba8c0+0x64c]
J 6894 C1 org.springframework.core.annotation.AnnotationUtils.findAnnotation(Ljava/lang/reflect/Method;Ljava/lang/Class;)Ljava/lang/annotation/Annotation; (176 bytes) @ 0x0000000003db1084 [0x0000000003db0d20+0x364]
J 3301 C1 org.springframework.security.access.annotation.SecuredAnnotationSecurityMetadataSource.findAttributes(Ljava/lang/reflect/Method;Ljava/lang/Class;)Ljava/util/Collection; (13 bytes) @ 0x00000000033ea9e4 [0x00000000033ea960+0x84]
J 3346 C1 org.springframework.security.access.method.AbstractFallbackMethodSecurityMetadataSource.getAttributes(Ljava/lang/reflect/Method;Ljava/lang/Class;)Ljava/util/Collection; (81 bytes) @ 0x00000000034023ac [0x0000000003402200+0x1ac]
J 3344 C1 org.springframework.security.access.method.DelegatingMethodSecurityMetadataSource.getAttributes(Ljava/lang/reflect/Method;Ljava/lang/Class;)Ljava/util/Collection; (225 bytes) @ 0x000000000341cde4 [0x000000000341c5a0+0x844]
J 3314 C1 org.springframework.security.access.intercept.aopalliance.MethodSecurityMetadataSourceAdvisor$MethodSecurityMetadataSourcePointcut.matches(Ljava/lang/reflect/Method;Ljava/lang/Class;)Z (34 bytes) @ 0x000000000287d83c [0x000000000287d720+0x11c]
J 3420 C1 org.springframework.aop.support.AopUtils.canApply(Lorg/springframework/aop/Pointcut;Ljava/lang/Class;Z)Z (185 bytes) @ 0x000000000345c5dc [0x000000000345b1e0+0x13fc]
J 3845 C1 org.springframework.aop.support.AopUtils.canApply(Lorg/springframework/aop/Advisor;Ljava/lang/Class;Z)Z (49 bytes) @ 0x0000000003607874 [0x00000000036073e0+0x494]
J 6886 C1 org.springframework.aop.support.AopUtils.findAdvisorsThatCanApply(Ljava/util/List;Ljava/lang/Class;)Ljava/util/List; (155 bytes) @ 0x0000000003dadd74 [0x0000000003dad9e0+0x394]
J 6885 C1 org.springframework.aop.framework.autoproxy.AbstractAdvisorAutoProxyCreator.findEligibleAdvisors(Ljava/lang/Class;Ljava/lang/String;)Ljava/util/List; (41 bytes) @ 0x0000000003dae6e4 [0x0000000003dae5e0+0x104]
J 6884 C1 org.springframework.aop.framework.autoproxy.AbstractAdvisorAutoProxyCreator.getAdvicesAndAdvisorsForBean(Ljava/lang/Class;Ljava/lang/String;Lorg/springframework/aop/TargetSource;)[Ljava/lang/Object; (30 bytes) @ 0x0000000003dad544 [0x0000000003dad4e0+0x64]
J 6717 C1 org.springframework.aop.framework.autoproxy.AbstractAutoProxyCreator.wrapIfNecessary(Ljava/lang/Object;Ljava/lang/String;Ljava/lang/Object;)Ljava/lang/Object; (169 bytes) @ 0x0000000003d08dd4 [0x0000000003d082e0+0xaf4]
J 6726 C1 org.springframework.aop.framework.autoproxy.AbstractAutoProxyCreator.postProcessAfterInitialization(Ljava/lang/Object;Ljava/lang/String;)Ljava/lang/Object; (37 bytes) @ 0x0000000003d0e47c [0x0000000003d0e380+0xfc]
J 5343 C1 org.springframework.beans.factory.support.AbstractAutowireCapableBeanFactory.applyBeanPostProcessorsAfterInitialization(Ljava/lang/Object;Ljava/lang/String;)Ljava/lang/Object; (56 bytes) @ 0x00000000038155dc [0x00000000038151c0+0x41c]
J 7048 C1 org.springframework.beans.factory.support.AbstractAutowireCapableBeanFactory.initializeBean(Ljava/lang/String;Ljava/lang/Object;Lorg/springframework/beans/factory/support/RootBeanDefinition;)Ljava/lang/Object; (118 bytes) @ 0x0000000003026174 [0x0000000003025700+0xa74]
j  org.springframework.beans.factory.support.AbstractAutowireCapableBeanFactory.doCreateBean(Ljava/lang/String;Lorg/springframework/beans/factory/support/RootBeanDefinition;[Ljava/lang/Object;)Ljava/lang/Object;+263
j  org.springframework.beans.factory.support.AbstractAutowireCapableBeanFactory.createBean(Ljava/lang/String;Lorg/springframework/beans/factory/support/RootBeanDefinition;[Ljava/lang/Object;)Ljava/lang/Object;+169
J 9185 C1 org.springframework.beans.factory.support.AbstractBeanFactory$1.getObject()Ljava/lang/Object; (34 bytes) @ 0x000000000442f79c [0x000000000442f680+0x11c]
J 6673 C1 org.springframework.beans.factory.support.DefaultSingletonBeanRegistry.getSingleton(Ljava/lang/String;Lorg/springframework/beans/factory/ObjectFactory;)Ljava/lang/Object; (309 bytes) @ 0x0000000003ce84c4 [0x0000000003ce7560+0xf64]
J 3269 C1 org.springframework.beans.factory.support.AbstractBeanFactory.doGetBean(Ljava/lang/String;Ljava/lang/Class;[Ljava/lang/Object;Z)Ljava/lang/Object; (727 bytes) @ 0x00000000033d71bc [0x00000000033d56c0+0x1afc]
J 2470 C1 org.springframework.beans.factory.support.AbstractBeanFactory.getBean(Ljava/lang/String;Ljava/lang/Class;)Ljava/lang/Object; (9 bytes) @ 0x0000000003034dc4 [0x0000000003034cc0+0x104]
j  org.springframework.beans.factory.config.DependencyDescriptor.resolveCandidate(Ljava/lang/String;Ljava/lang/Class;Lorg/springframework/beans/factory/BeanFactory;)Ljava/lang/Object;+3
j  org.springframework.beans.factory.support.DefaultListableBeanFactory.doResolveDependency(Lorg/springframework/beans/factory/config/DependencyDescriptor;Ljava/lang/String;Ljava/util/Set;Lorg/springframework/beans/TypeConverter;)Ljava/lang/Object;+408
J 7111 C1 org.springframework.beans.factory.support.DefaultListableBeanFactory.resolveDependency(Lorg/springframework/beans/factory/config/DependencyDescriptor;Ljava/lang/String;Ljava/util/Set;Lorg/springframework/beans/TypeConverter;)Ljava/lang/Object; (124 bytes) @ 0x0000000002fb3c74 [0x0000000002fb3460+0x814]
j  org.springframework.beans.factory.support.ConstructorResolver.resolveAutowiredArgument(Lorg/springframework/core/MethodParameter;Ljava/lang/String;Ljava/util/Set;Lorg/springframework/beans/TypeConverter;)Ljava/lang/Object;+75
j  org.springframework.beans.factory.support.ConstructorResolver.createArgumentArray(Ljava/lang/String;Lorg/springframework/beans/factory/support/RootBeanDefinition;Lorg/springframework/beans/factory/config/ConstructorArgumentValues;Lorg/springframework/beans/BeanWrapper;[Ljava/lang/Class;[Ljava/lang/String;Ljava/lang/Object;Z)Lorg/springframework/beans/factory/support/ConstructorResolver$ArgumentsHolder;+417
J 6665 C1 org.springframework.beans.factory.support.ConstructorResolver.instantiateUsingFactoryMethod(Ljava/lang/String;Lorg/springframework/beans/factory/support/RootBeanDefinition;[Ljava/lang/Object;)Lorg/springframework/beans/BeanWrapper; (1473 bytes) @ 0x0000000003ccdc34 [0x0000000003cca0a0+0x3b94]
J 6289 C1 org.springframework.beans.factory.support.AbstractAutowireCapableBeanFactory.createBeanInstance(Ljava/lang/String;Lorg/springframework/beans/factory/support/RootBeanDefinition;[Ljava/lang/Object;)Lorg/springframework/beans/BeanWrapper; (213 bytes) @ 0x0000000003b661dc [0x0000000003b645e0+0x1bfc]
j  org.springframework.beans.factory.support.AbstractAutowireCapableBeanFactory.doCreateBean(Ljava/lang/String;Lorg/springframework/beans/factory/support/RootBeanDefinition;[Ljava/lang/Object;)Ljava/lang/Object;+34
j  org.springframework.beans.factory.support.AbstractAutowireCapableBeanFactory.createBean(Ljava/lang/String;Lorg/springframework/beans/factory/support/RootBeanDefinition;[Ljava/lang/Object;)Ljava/lang/Object;+169
J 9185 C1 org.springframework.beans.factory.support.AbstractBeanFactory$1.getObject()Ljava/lang/Object; (34 bytes) @ 0x000000000442f79c [0x000000000442f680+0x11c]
J 6673 C1 org.springframework.beans.factory.support.DefaultSingletonBeanRegistry.getSingleton(Ljava/lang/String;Lorg/springframework/beans/factory/ObjectFactory;)Ljava/lang/Object; (309 bytes) @ 0x0000000003ce84c4 [0x0000000003ce7560+0xf64]
J 3269 C1 org.springframework.beans.factory.support.AbstractBeanFactory.doGetBean(Ljava/lang/String;Ljava/lang/Class;[Ljava/lang/Object;Z)Ljava/lang/Object; (727 bytes) @ 0x00000000033d71bc [0x00000000033d56c0+0x1afc]
J 2470 C1 org.springframework.beans.factory.support.AbstractBeanFactory.getBean(Ljava/lang/String;Ljava/lang/Class;)Ljava/lang/Object; (9 bytes) @ 0x0000000003034dc4 [0x0000000003034cc0+0x104]
j  org.springframework.beans.factory.config.DependencyDescriptor.resolveCandidate(Ljava/lang/String;Ljava/lang/Class;Lorg/springframework/beans/factory/BeanFactory;)Ljava/lang/Object;+3
j  org.springframework.beans.factory.support.DefaultListableBeanFactory.addCandidateEntry(Ljava/util/Map;Ljava/lang/String;Lorg/springframework/beans/factory/config/DependencyDescriptor;Ljava/lang/Class;)V+22
J 7010 C1 org.springframework.beans.factory.support.DefaultListableBeanFactory.findAutowireCandidates(Ljava/lang/String;Ljava/lang/Class;Lorg/springframework/beans/factory/config/DependencyDescriptor;)Ljava/util/Map; (363 bytes) @ 0x000000000350c8b4 [0x000000000350c4c0+0x3f4]
J 9192 C1 org.springframework.beans.factory.support.DefaultListableBeanFactory.resolveMultipleBeans(Lorg/springframework/beans/factory/config/DependencyDescriptor;Ljava/lang/String;Ljava/util/Set;Lorg/springframework/beans/TypeConverter;)Ljava/lang/Object; (450 bytes) @ 0x000000000443539c [0x0000000004431e60+0x353c]
j  org.springframework.beans.factory.support.DefaultListableBeanFactory.doResolveDependency(Lorg/springframework/beans/factory/config/DependencyDescriptor;Ljava/lang/String;Ljava/util/Set;Lorg/springframework/beans/TypeConverter;)Ljava/lang/Object;+179
j  org.springframework.beans.factory.support.DefaultListableBeanFactory$DependencyObjectProvider.getIfAvailable()Ljava/lang/Object;+59
j  org.springframework.boot.autoconfigure.web.HttpMessageConvertersAutoConfiguration.<init>(Lorg/springframework/beans/factory/ObjectProvider;)V+6
j  org.springframework.boot.autoconfigure.web.HttpMessageConvertersAutoConfiguration$$EnhancerBySpringCGLIB$$e58d4cad.<init>(Lorg/springframework/beans/factory/ObjectProvider;)V+3
v  ~StubRoutines::call_stub
J 1024  sun.reflect.NativeConstructorAccessorImpl.newInstance0(Ljava/lang/reflect/Constructor;[Ljava/lang/Object;)Ljava/lang/Object; (0 bytes) @ 0x0000000002ae34e6 [0x0000000002ae3480+0x66]
J 1023 C1 sun.reflect.NativeConstructorAccessorImpl.newInstance([Ljava/lang/Object;)Ljava/lang/Object; (89 bytes) @ 0x0000000002aeda54 [0x0000000002aeca00+0x1054]
J 5269 C2 java.lang.reflect.Constructor.newInstance([Ljava/lang/Object;)Ljava/lang/Object; (87 bytes) @ 0x00000000037c96b4 [0x00000000037c95e0+0xd4]
J 2260 C1 org.springframework.beans.BeanUtils.instantiateClass(Ljava/lang/reflect/Constructor;[Ljava/lang/Object;)Ljava/lang/Object; (71 bytes) @ 0x0000000002f2997c [0x0000000002f297e0+0x19c]
j  org.springframework.beans.factory.support.SimpleInstantiationStrategy.instantiate(Lorg/springframework/beans/factory/support/RootBeanDefinition;Ljava/lang/String;Lorg/springframework/beans/factory/BeanFactory;Ljava/lang/reflect/Constructor;[Ljava/lang/Object;)Ljava/lang/Object;+34
j  org.springframework.beans.factory.support.ConstructorResolver.autowireConstructor(Ljava/lang/String;Lorg/springframework/beans/factory/support/RootBeanDefinition;[Ljava/lang/reflect/Constructor;[Ljava/lang/Object;)Lorg/springframework/beans/BeanWrapper;+867
J 6289 C1 org.springframework.beans.factory.support.AbstractAutowireCapableBeanFactory.createBeanInstance(Ljava/lang/String;Lorg/springframework/beans/factory/support/RootBeanDefinition;[Ljava/lang/Object;)Lorg/springframework/beans/BeanWrapper; (213 bytes) @ 0x0000000003b65c5c [0x0000000003b645e0+0x167c]
j  org.springframework.beans.factory.support.AbstractAutowireCapableBeanFactory.doCreateBean(Ljava/lang/String;Lorg/springframework/beans/factory/support/RootBeanDefinition;[Ljava/lang/Object;)Ljava/lang/Object;+34
j  org.springframework.beans.factory.support.AbstractAutowireCapableBeanFactory.createBean(Ljava/lang/String;Lorg/springframework/beans/factory/support/RootBeanDefinition;[Ljava/lang/Object;)Ljava/lang/Object;+169
J 9185 C1 org.springframework.beans.factory.support.AbstractBeanFactory$1.getObject()Ljava/lang/Object; (34 bytes) @ 0x000000000442f79c [0x000000000442f680+0x11c]
J 6673 C1 org.springframework.beans.factory.support.DefaultSingletonBeanRegistry.getSingleton(Ljava/lang/String;Lorg/springframework/beans/factory/ObjectFactory;)Ljava/lang/Object; (309 bytes) @ 0x0000000003ce84c4 [0x0000000003ce7560+0xf64]
J 3269 C1 org.springframework.beans.factory.support.AbstractBeanFactory.doGetBean(Ljava/lang/String;Ljava/lang/Class;[Ljava/lang/Object;Z)Ljava/lang/Object; (727 bytes) @ 0x00000000033d71bc [0x00000000033d56c0+0x1afc]
J 6665 C1 org.springframework.beans.factory.support.ConstructorResolver.instantiateUsingFactoryMethod(Ljava/lang/String;Lorg/springframework/beans/factory/support/RootBeanDefinition;[Ljava/lang/Object;)Lorg/springframework/beans/BeanWrapper; (1473 bytes) @ 0x0000000003ccaaa4 [0x0000000003cca0a0+0xa04]
J 6289 C1 org.springframework.beans.factory.support.AbstractAutowireCapableBeanFactory.createBeanInstance(Ljava/lang/String;Lorg/springframework/beans/factory/support/RootBeanDefinition;[Ljava/lang/Object;)Lorg/springframework/beans/BeanWrapper; (213 bytes) @ 0x0000000003b661dc [0x0000000003b645e0+0x1bfc]
j  org.springframework.beans.factory.support.AbstractAutowireCapableBeanFactory.doCreateBean(Ljava/lang/String;Lorg/springframework/beans/factory/support/RootBeanDefinition;[Ljava/lang/Object;)Ljava/lang/Object;+34
j  org.springframework.beans.factory.support.AbstractAutowireCapableBeanFactory.createBean(Ljava/lang/String;Lorg/springframework/beans/factory/support/RootBeanDefinition;[Ljava/lang/Object;)Ljava/lang/Object;+169
J 9185 C1 org.springframework.beans.factory.support.AbstractBeanFactory$1.getObject()Ljava/lang/Object; (34 bytes) @ 0x000000000442f79c [0x000000000442f680+0x11c]
J 6673 C1 org.springframework.beans.factory.support.DefaultSingletonBeanRegistry.getSingleton(Ljava/lang/String;Lorg/springframework/beans/factory/ObjectFactory;)Ljava/lang/Object; (309 bytes) @ 0x0000000003ce84c4 [0x0000000003ce7560+0xf64]
J 3269 C1 org.springframework.beans.factory.support.AbstractBeanFactory.doGetBean(Ljava/lang/String;Ljava/lang/Class;[Ljava/lang/Object;Z)Ljava/lang/Object; (727 bytes) @ 0x00000000033d71bc [0x00000000033d56c0+0x1afc]
J 2470 C1 org.springframework.beans.factory.support.AbstractBeanFactory.getBean(Ljava/lang/String;Ljava/lang/Class;)Ljava/lang/Object; (9 bytes) @ 0x0000000003034dc4 [0x0000000003034cc0+0x104]
j  org.springframework.beans.factory.config.DependencyDescriptor.resolveCandidate(Ljava/lang/String;Ljava/lang/Class;Lorg/springframework/beans/factory/BeanFactory;)Ljava/lang/Object;+3
j  org.springframework.beans.factory.support.DefaultListableBeanFactory.doResolveDependency(Lorg/springframework/beans/factory/config/DependencyDescriptor;Ljava/lang/String;Ljava/util/Set;Lorg/springframework/beans/TypeConverter;)Ljava/lang/Object;+408
J 7111 C1 org.springframework.beans.factory.support.DefaultListableBeanFactory.resolveDependency(Lorg/springframework/beans/factory/config/DependencyDescriptor;Ljava/lang/String;Ljava/util/Set;Lorg/springframework/beans/TypeConverter;)Ljava/lang/Object; (124 bytes) @ 0x0000000002fb3c74 [0x0000000002fb3460+0x814]
j  org.springframework.beans.factory.support.ConstructorResolver.resolveAutowiredArgument(Lorg/springframework/core/MethodParameter;Ljava/lang/String;Ljava/util/Set;Lorg/springframework/beans/TypeConverter;)Ljava/lang/Object;+75
j  org.springframework.beans.factory.support.ConstructorResolver.createArgumentArray(Ljava/lang/String;Lorg/springframework/beans/factory/support/RootBeanDefinition;Lorg/springframework/beans/factory/config/ConstructorArgumentValues;Lorg/springframework/beans/BeanWrapper;[Ljava/lang/Class;[Ljava/lang/String;Ljava/lang/Object;Z)Lorg/springframework/beans/factory/support/ConstructorResolver$ArgumentsHolder;+417
j  org.springframework.beans.factory.support.ConstructorResolver.autowireConstructor(Ljava/lang/String;Lorg/springframework/beans/factory/support/RootBeanDefinition;[Ljava/lang/reflect/Constructor;[Ljava/lang/Object;)Lorg/springframework/beans/BeanWrapper;+427
J 6289 C1 org.springframework.beans.factory.support.AbstractAutowireCapableBeanFactory.createBeanInstance(Ljava/lang/String;Lorg/springframework/beans/factory/support/RootBeanDefinition;[Ljava/lang/Object;)Lorg/springframework/beans/BeanWrapper; (213 bytes) @ 0x0000000003b65c5c [0x0000000003b645e0+0x167c]
j  org.springframework.beans.factory.support.AbstractAutowireCapableBeanFactory.doCreateBean(Ljava/lang/String;Lorg/springframework/beans/factory/support/RootBeanDefinition;[Ljava/lang/Object;)Ljava/lang/Object;+34
j  org.springframework.beans.factory.support.AbstractAutowireCapableBeanFactory.createBean(Ljava/lang/String;Lorg/springframework/beans/factory/support/RootBeanDefinition;[Ljava/lang/Object;)Ljava/lang/Object;+169
J 9185 C1 org.springframework.beans.factory.support.AbstractBeanFactory$1.getObject()Ljava/lang/Object; (34 bytes) @ 0x000000000442f79c [0x000000000442f680+0x11c]
J 6673 C1 org.springframework.beans.factory.support.DefaultSingletonBeanRegistry.getSingleton(Ljava/lang/String;Lorg/springframework/beans/factory/ObjectFactory;)Ljava/lang/Object; (309 bytes) @ 0x0000000003ce84c4 [0x0000000003ce7560+0xf64]
J 3269 C1 org.springframework.beans.factory.support.AbstractBeanFactory.doGetBean(Ljava/lang/String;Ljava/lang/Class;[Ljava/lang/Object;Z)Ljava/lang/Object; (727 bytes) @ 0x00000000033d71bc [0x00000000033d56c0+0x1afc]
J 2470 C1 org.springframework.beans.factory.support.AbstractBeanFactory.getBean(Ljava/lang/String;Ljava/lang/Class;)Ljava/lang/Object; (9 bytes) @ 0x0000000003034dc4 [0x0000000003034cc0+0x104]
j  org.springframework.beans.factory.config.DependencyDescriptor.resolveCandidate(Ljava/lang/String;Ljava/lang/Class;Lorg/springframework/beans/factory/BeanFactory;)Ljava/lang/Object;+3
j  org.springframework.beans.factory.support.DefaultListableBeanFactory.addCandidateEntry(Ljava/util/Map;Ljava/lang/String;Lorg/springframework/beans/factory/config/DependencyDescriptor;Ljava/lang/Class;)V+22
J 7010 C1 org.springframework.beans.factory.support.DefaultListableBeanFactory.findAutowireCandidates(Ljava/lang/String;Ljava/lang/Class;Lorg/springframework/beans/factory/config/DependencyDescriptor;)Ljava/util/Map; (363 bytes) @ 0x000000000350c8b4 [0x000000000350c4c0+0x3f4]
J 9192 C1 org.springframework.beans.factory.support.DefaultListableBeanFactory.resolveMultipleBeans(Lorg/springframework/beans/factory/config/DependencyDescriptor;Ljava/lang/String;Ljava/util/Set;Lorg/springframework/beans/TypeConverter;)Ljava/lang/Object; (450 bytes) @ 0x000000000443539c [0x0000000004431e60+0x353c]
j  org.springframework.beans.factory.support.DefaultListableBeanFactory.doResolveDependency(Lorg/springframework/beans/factory/config/DependencyDescriptor;Ljava/lang/String;Ljava/util/Set;Lorg/springframework/beans/TypeConverter;)Ljava/lang/Object;+179
J 7111 C1 org.springframework.beans.factory.support.DefaultListableBeanFactory.resolveDependency(Lorg/springframework/beans/factory/config/DependencyDescriptor;Ljava/lang/String;Ljava/util/Set;Lorg/springframework/beans/TypeConverter;)Ljava/lang/Object; (124 bytes) @ 0x0000000002fb3c74 [0x0000000002fb3460+0x814]
j  org.springframework.beans.factory.annotation.AutowiredAnnotationBeanPostProcessor$AutowiredMethodElement.inject(Ljava/lang/Object;Ljava/lang/String;Lorg/springframework/beans/PropertyValues;)V+153
J 3931 C1 org.springframework.beans.factory.annotation.InjectionMetadata.inject(Ljava/lang/Object;Ljava/lang/String;Lorg/springframework/beans/PropertyValues;)V (125 bytes) @ 0x00000000029152cc [0x00000000029140c0+0x120c]
J 6699 C1 org.springframework.beans.factory.annotation.AutowiredAnnotationBeanPostProcessor.postProcessPropertyValues(Lorg/springframework/beans/PropertyValues;[Ljava/beans/PropertyDescriptor;Ljava/lang/Object;Ljava/lang/String;)Lorg/springframework/beans/PropertyValues; (48 bytes) @ 0x0000000003cff9dc [0x0000000003cff860+0x17c]
J 5871 C1 org.springframework.beans.factory.support.AbstractAutowireCapableBeanFactory.populateBean(Ljava/lang/String;Lorg/springframework/beans/factory/support/RootBeanDefinition;Lorg/springframework/beans/BeanWrapper;)V (346 bytes) @ 0x00000000039478d4 [0x0000000003945a00+0x1ed4]
j  org.springframework.beans.factory.support.AbstractAutowireCapableBeanFactory.doCreateBean(Ljava/lang/String;Lorg/springframework/beans/factory/support/RootBeanDefinition;[Ljava/lang/Object;)Ljava/lang/Object;+250
j  org.springframework.beans.factory.support.AbstractAutowireCapableBeanFactory.createBean(Ljava/lang/String;Lorg/springframework/beans/factory/support/RootBeanDefinition;[Ljava/lang/Object;)Ljava/lang/Object;+169
J 9185 C1 org.springframework.beans.factory.support.AbstractBeanFactory$1.getObject()Ljava/lang/Object; (34 bytes) @ 0x000000000442f79c [0x000000000442f680+0x11c]
J 6673 C1 org.springframework.beans.factory.support.DefaultSingletonBeanRegistry.getSingleton(Ljava/lang/String;Lorg/springframework/beans/factory/ObjectFactory;)Ljava/lang/Object; (309 bytes) @ 0x0000000003ce84c4 [0x0000000003ce7560+0xf64]
J 3269 C1 org.springframework.beans.factory.support.AbstractBeanFactory.doGetBean(Ljava/lang/String;Ljava/lang/Class;[Ljava/lang/Object;Z)Ljava/lang/Object; (727 bytes) @ 0x00000000033d71bc [0x00000000033d56c0+0x1afc]
J 6665 C1 org.springframework.beans.factory.support.ConstructorResolver.instantiateUsingFactoryMethod(Ljava/lang/String;Lorg/springframework/beans/factory/support/RootBeanDefinition;[Ljava/lang/Object;)Lorg/springframework/beans/BeanWrapper; (1473 bytes) @ 0x0000000003ccaaa4 [0x0000000003cca0a0+0xa04]
J 6289 C1 org.springframework.beans.factory.support.AbstractAutowireCapableBeanFactory.createBeanInstance(Ljava/lang/String;Lorg/springframework/beans/factory/support/RootBeanDefinition;[Ljava/lang/Object;)Lorg/springframework/beans/BeanWrapper; (213 bytes) @ 0x0000000003b661dc [0x0000000003b645e0+0x1bfc]
j  org.springframework.beans.factory.support.AbstractAutowireCapableBeanFactory.doCreateBean(Ljava/lang/String;Lorg/springframework/beans/factory/support/RootBeanDefinition;[Ljava/lang/Object;)Ljava/lang/Object;+34
j  org.springframework.beans.factory.support.AbstractAutowireCapableBeanFactory.createBean(Ljava/lang/String;Lorg/springframework/beans/factory/support/RootBeanDefinition;[Ljava/lang/Object;)Ljava/lang/Object;+169
J 9185 C1 org.springframework.beans.factory.support.AbstractBeanFactory$1.getObject()Ljava/lang/Object; (34 bytes) @ 0x000000000442f79c [0x000000000442f680+0x11c]
J 6673 C1 org.springframework.beans.factory.support.DefaultSingletonBeanRegistry.getSingleton(Ljava/lang/String;Lorg/springframework/beans/factory/ObjectFactory;)Ljava/lang/Object; (309 bytes) @ 0x0000000003ce84c4 [0x0000000003ce7560+0xf64]
J 3269 C1 org.springframework.beans.factory.support.AbstractBeanFactory.doGetBean(Ljava/lang/String;Ljava/lang/Class;[Ljava/lang/Object;Z)Ljava/lang/Object; (727 bytes) @ 0x00000000033d71bc [0x00000000033d56c0+0x1afc]
J 2470 C1 org.springframework.beans.factory.support.AbstractBeanFactory.getBean(Ljava/lang/String;Ljava/lang/Class;)Ljava/lang/Object; (9 bytes) @ 0x0000000003034dc4 [0x0000000003034cc0+0x104]
j  org.springframework.beans.factory.config.DependencyDescriptor.resolveCandidate(Ljava/lang/String;Ljava/lang/Class;Lorg/springframework/beans/factory/BeanFactory;)Ljava/lang/Object;+3
j  org.springframework.beans.factory.support.DefaultListableBeanFactory.doResolveDependency(Lorg/springframework/beans/factory/config/DependencyDescriptor;Ljava/lang/String;Ljava/util/Set;Lorg/springframework/beans/TypeConverter;)Ljava/lang/Object;+408
J 7111 C1 org.springframework.beans.factory.support.DefaultListableBeanFactory.resolveDependency(Lorg/springframework/beans/factory/config/DependencyDescriptor;Ljava/lang/String;Ljava/util/Set;Lorg/springframework/beans/TypeConverter;)Ljava/lang/Object; (124 bytes) @ 0x0000000002fb3c74 [0x0000000002fb3460+0x814]
j  org.springframework.beans.factory.annotation.AutowiredAnnotationBeanPostProcessor$AutowiredMethodElement.inject(Ljava/lang/Object;Ljava/lang/String;Lorg/springframework/beans/PropertyValues;)V+153
J 3931 C1 org.springframework.beans.factory.annotation.InjectionMetadata.inject(Ljava/lang/Object;Ljava/lang/String;Lorg/springframework/beans/PropertyValues;)V (125 bytes) @ 0x00000000029152cc [0x00000000029140c0+0x120c]
J 6699 C1 org.springframework.beans.factory.annotation.AutowiredAnnotationBeanPostProcessor.postProcessPropertyValues(Lorg/springframework/beans/PropertyValues;[Ljava/beans/PropertyDescriptor;Ljava/lang/Object;Ljava/lang/String;)Lorg/springframework/beans/PropertyValues; (48 bytes) @ 0x0000000003cff9dc [0x0000000003cff860+0x17c]
J 5871 C1 org.springframework.beans.factory.support.AbstractAutowireCapableBeanFactory.populateBean(Ljava/lang/String;Lorg/springframework/beans/factory/support/RootBeanDefinition;Lorg/springframework/beans/BeanWrapper;)V (346 bytes) @ 0x00000000039478d4 [0x0000000003945a00+0x1ed4]
j  org.springframework.beans.factory.support.AbstractAutowireCapableBeanFactory.doCreateBean(Ljava/lang/String;Lorg/springframework/beans/factory/support/RootBeanDefinition;[Ljava/lang/Object;)Ljava/lang/Object;+250
j  org.springframework.beans.factory.support.AbstractAutowireCapableBeanFactory.createBean(Ljava/lang/String;Lorg/springframework/beans/factory/support/RootBeanDefinition;[Ljava/lang/Object;)Ljava/lang/Object;+169
J 9185 C1 org.springframework.beans.factory.support.AbstractBeanFactory$1.getObject()Ljava/lang/Object; (34 bytes) @ 0x000000000442f79c [0x000000000442f680+0x11c]
J 6673 C1 org.springframework.beans.factory.support.DefaultSingletonBeanRegistry.getSingleton(Ljava/lang/String;Lorg/springframework/beans/factory/ObjectFactory;)Ljava/lang/Object; (309 bytes) @ 0x0000000003ce84c4 [0x0000000003ce7560+0xf64]
J 3269 C1 org.springframework.beans.factory.support.AbstractBeanFactory.doGetBean(Ljava/lang/String;Ljava/lang/Class;[Ljava/lang/Object;Z)Ljava/lang/Object; (727 bytes) @ 0x00000000033d71bc [0x00000000033d56c0+0x1afc]
J 6665 C1 org.springframework.beans.factory.support.ConstructorResolver.instantiateUsingFactoryMethod(Ljava/lang/String;Lorg/springframework/beans/factory/support/RootBeanDefinition;[Ljava/lang/Object;)Lorg/springframework/beans/BeanWrapper; (1473 bytes) @ 0x0000000003ccaaa4 [0x0000000003cca0a0+0xa04]
J 6289 C1 org.springframework.beans.factory.support.AbstractAutowireCapableBeanFactory.createBeanInstance(Ljava/lang/String;Lorg/springframework/beans/factory/support/RootBeanDefinition;[Ljava/lang/Object;)Lorg/springframework/beans/BeanWrapper; (213 bytes) @ 0x0000000003b661dc [0x0000000003b645e0+0x1bfc]
j  org.springframework.beans.factory.support.AbstractAutowireCapableBeanFactory.doCreateBean(Ljava/lang/String;Lorg/springframework/beans/factory/support/RootBeanDefinition;[Ljava/lang/Object;)Ljava/lang/Object;+34
j  org.springframework.beans.factory.support.AbstractAutowireCapableBeanFactory.createBean(Ljava/lang/String;Lorg/springframework/beans/factory/support/RootBeanDefinition;[Ljava/lang/Object;)Ljava/lang/Object;+169
J 9185 C1 org.springframework.beans.factory.support.AbstractBeanFactory$1.getObject()Ljava/lang/Object; (34 bytes) @ 0x000000000442f79c [0x000000000442f680+0x11c]
J 6673 C1 org.springframework.beans.factory.support.DefaultSingletonBeanRegistry.getSingleton(Ljava/lang/String;Lorg/springframework/beans/factory/ObjectFactory;)Ljava/lang/Object; (309 bytes) @ 0x0000000003ce84c4 [0x0000000003ce7560+0xf64]
J 3269 C1 org.springframework.beans.factory.support.AbstractBeanFactory.doGetBean(Ljava/lang/String;Ljava/lang/Class;[Ljava/lang/Object;Z)Ljava/lang/Object; (727 bytes) @ 0x00000000033d71bc [0x00000000033d56c0+0x1afc]
J 2470 C1 org.springframework.beans.factory.support.AbstractBeanFactory.getBean(Ljava/lang/String;Ljava/lang/Class;)Ljava/lang/Object; (9 bytes) @ 0x0000000003034dc4 [0x0000000003034cc0+0x104]
j  org.springframework.boot.web.servlet.ServletContextInitializerBeans.getOrderedBeansOfType(Lorg/springframework/beans/factory/ListableBeanFactory;Ljava/lang/Class;Ljava/util/Set;)Ljava/util/List;+88
j  org.springframework.boot.web.servlet.ServletContextInitializerBeans.getOrderedBeansOfType(Lorg/springframework/beans/factory/ListableBeanFactory;Ljava/lang/Class;)Ljava/util/List;+6
j  org.springframework.boot.web.servlet.ServletContextInitializerBeans.addServletContextInitializerBeans(Lorg/springframework/beans/factory/ListableBeanFactory;)V+4
j  org.springframework.boot.web.servlet.ServletContextInitializerBeans.<init>(Lorg/springframework/beans/factory/ListableBeanFactory;)V+28
j  org.springframework.boot.context.embedded.EmbeddedWebApplicationContext.getServletContextInitializerBeans()Ljava/util/Collection;+8
j  org.springframework.boot.context.embedded.EmbeddedWebApplicationContext.selfInitialize(Ljavax/servlet/ServletContext;)V+40
j  org.springframework.boot.context.embedded.EmbeddedWebApplicationContext.access$000(Lorg/springframework/boot/context/embedded/EmbeddedWebApplicationContext;Ljavax/servlet/ServletContext;)V+2
j  org.springframework.boot.context.embedded.EmbeddedWebApplicationContext$1.onStartup(Ljavax/servlet/ServletContext;)V+5
j  org.springframework.boot.context.embedded.tomcat.TomcatStarter.onStartup(Ljava/util/Set;Ljavax/servlet/ServletContext;)V+28
j  org.apache.catalina.core.StandardContext.startInternal()V+1090
j  org.apache.catalina.util.LifecycleBase.start()V+210
j  org.apache.catalina.core.ContainerBase$StartChild.call()Ljava/lang/Void;+4
j  org.apache.catalina.core.ContainerBase$StartChild.call()Ljava/lang/Object;+1
j  java.util.concurrent.FutureTask.run()V+42
j  java.util.concurrent.ThreadPoolExecutor.runWorker(Ljava/util/concurrent/ThreadPoolExecutor$Worker;)V+95
j  java.util.concurrent.ThreadPoolExecutor$Worker.run()V+5
j  java.lang.Thread.run()V+11
v  ~StubRoutines::call_stub

---------------  P R O C E S S  ---------------

Java Threads: ( => current thread )
=>0x000000001ff5f000 JavaThread "localhost-startStop-1" daemon [_thread_in_vm, id=14128, stack(0x000000002aa90000,0x000000002ab90000)]
  0x000000001ff5d800 JavaThread "Tomcat-startStop-1" daemon [_thread_blocked, id=9632, stack(0x000000002a990000,0x000000002aa90000)]
  0x000000001ff57800 JavaThread "restartedMain" [_thread_blocked, id=4564, stack(0x000000002a690000,0x000000002a790000)]
  0x000000001ff5c800 JavaThread "Thread-8" [_thread_blocked, id=4380, stack(0x0000000029f90000,0x000000002a090000)]
  0x000000001bcd9800 JavaThread "DestroyJavaVM" [_thread_blocked, id=12484, stack(0x0000000002470000,0x0000000002570000)]
  0x000000001bcd1800 JavaThread "ThreadPoolTaskScheduler-1" [_thread_blocked, id=4064, stack(0x00000000259e0000,0x0000000025ae0000)]
  0x000000001bccd000 JavaThread "Live Reload Server" daemon [_thread_in_native, id=7412, stack(0x00000000256f0000,0x00000000257f0000)]
  0x000000001d430000 JavaThread "Abandoned connection cleanup thread" daemon [_thread_blocked, id=14992, stack(0x0000000021de0000,0x0000000021ee0000)]
  0x000000001aa44000 JavaThread "RMI TCP Accept-0" daemon [_thread_in_native, id=11508, stack(0x000000001b010000,0x000000001b110000)]
  0x000000001aa2d000 JavaThread "RMI TCP Accept-55015" daemon [_thread_in_native, id=15148, stack(0x000000001af10000,0x000000001b010000)]
  0x000000001a85c000 JavaThread "RMI TCP Accept-0" daemon [_thread_in_native, id=14304, stack(0x000000001ae10000,0x000000001af10000)]
  0x00000000198b4000 JavaThread "Service Thread" daemon [_thread_blocked, id=8096, stack(0x000000001a1d0000,0x000000001a2d0000)]
  0x000000001981e000 JavaThread "C1 CompilerThread3" daemon [_thread_blocked, id=7928, stack(0x000000001a0d0000,0x000000001a1d0000)]
  0x0000000019816800 JavaThread "C2 CompilerThread2" daemon [_thread_in_native, id=13740, stack(0x0000000019fd0000,0x000000001a0d0000)]
  0x000000001980a800 JavaThread "C2 CompilerThread1" daemon [_thread_in_native, id=14732, stack(0x0000000019ed0000,0x0000000019fd0000)]
  0x0000000019804800 JavaThread "C2 CompilerThread0" daemon [_thread_in_native, id=12464, stack(0x0000000019dd0000,0x0000000019ed0000)]
  0x0000000019802800 JavaThread "Attach Listener" daemon [_thread_blocked, id=1392, stack(0x0000000019cd0000,0x0000000019dd0000)]
  0x0000000019801800 JavaThread "Signal Dispatcher" daemon [_thread_blocked, id=13364, stack(0x0000000019bd0000,0x0000000019cd0000)]
  0x000000000273a000 JavaThread "Finalizer" daemon [_thread_blocked, id=8536, stack(0x00000000195c0000,0x00000000196c0000)]
  0x00000000176dc800 JavaThread "Reference Handler" daemon [_thread_blocked, id=15788, stack(0x00000000194c0000,0x00000000195c0000)]

Other Threads:
  0x00000000176d8800 VMThread [stack: 0x00000000193c0000,0x00000000194c0000] [id=14668]
  0x000000001aa39000 WatcherThread [stack: 0x000000001b110000,0x000000001b210000] [id=8516]

VM state:not at safepoint (normal execution)

VM Mutex/Monitor currently owned by a thread: None

Heap:
 PSYoungGen      total 406528K, used 198542K [0x00000000d5d80000, 0x00000000f0080000, 0x0000000100000000)
  eden space 385024K, 51% used [0x00000000d5d80000,0x00000000e1f63a78,0x00000000ed580000)
  from space 21504K, 0% used [0x00000000eeb80000,0x00000000eeb80000,0x00000000f0080000)
  to   space 22016K, 0% used [0x00000000ed580000,0x00000000ed580000,0x00000000eeb00000)
 ParOldGen       total 140800K, used 41939K [0x0000000081800000, 0x000000008a180000, 0x00000000d5d80000)
  object space 140800K, 29% used [0x0000000081800000,0x00000000840f4fe0,0x000000008a180000)
 Metaspace       used 66713K, capacity 67716K, committed 67840K, reserved 1107968K
  class space    used 8358K, capacity 8608K, committed 8704K, reserved 1048576K

Card table byte_map: [0x0000000011b00000,0x0000000011f00000] byte_map_base: 0x00000000116f4000

Marking Bits: (ParMarkBitMap*) 0x0000000061f90600
 Begin Bits: [0x00000000129b0000, 0x0000000014950000)
 End Bits:   [0x0000000014950000, 0x00000000168f0000)

Polling page: 0x00000000005f0000

CodeCache: size=245760Kb used=29598Kb max_used=29622Kb free=216161Kb
 bounds [0x0000000002740000, 0x0000000004460000, 0x0000000011740000]
 total_blobs=8507 nmethods=7679 adapters=739
 compilation: enabled

Compilation events (10 events):
Event: 141.900 Thread 0x000000001981e000 9242       2       org.springframework.beans.factory.support.ConstructorResolver$ArgumentsHolder::<init> (34 bytes)
Event: 141.900 Thread 0x000000001981e000 nmethod 9242 0x0000000004455050 code [0x00000000044551c0, 0x00000000044554f0]
Event: 141.917 Thread 0x000000001981e000 9243       2       org.springframework.context.support.ApplicationListenerDetector::postProcessBeforeInitialization (2 bytes)
Event: 141.917 Thread 0x000000001981e000 nmethod 9243 0x000000000356c3d0 code [0x000000000356c520, 0x000000000356c670]
Event: 141.925 Thread 0x000000001981e000 9244       2       org.springframework.beans.factory.support.BeanDefinitionValueResolver::<init> (26 bytes)
Event: 141.926 Thread 0x000000001981e000 nmethod 9244 0x0000000003a8e090 code [0x0000000003a8e1e0, 0x0000000003a8e370]
Event: 141.949 Thread 0x000000001981e000 9245       2       org.springframework.beans.factory.config.DependencyDescriptor::resolveCandidate (9 bytes)
Event: 141.949 Thread 0x000000001981e000 nmethod 9245 0x0000000003a8dcd0 code [0x0000000003a8de40, 0x0000000003a8dfc8]
Event: 141.950 Thread 0x000000001981e000 9246   !   2       org.springframework.util.ClassUtils::getDefaultClassLoader (37 bytes)
Event: 141.952 Thread 0x000000001981e000 nmethod 9246 0x000000000386e8d0 code [0x000000000386eae0, 0x000000000386f208]

GC Heap History (10 events):
Event: 26.961 GC heap before
{Heap before GC invocations=14 (full 2):
 PSYoungGen      total 276992K, used 177776K [0x00000000d5d80000, 0x00000000ebe80000, 0x0000000100000000)
  eden space 258048K, 61% used [0x00000000d5d80000,0x00000000df8a2c58,0x00000000e5980000)
  from space 18944K, 99% used [0x00000000e5980000,0x00000000e6bf9478,0x00000000e6c00000)
  to   space 22528K, 0% used [0x00000000ea880000,0x00000000ea880000,0x00000000ebe80000)
 ParOldGen       total 92672K, used 28852K [0x0000000081800000, 0x0000000087280000, 0x00000000d5d80000)
  object space 92672K, 31% used [0x0000000081800000,0x000000008342d168,0x0000000087280000)
 Metaspace       used 58223K, capacity 58934K, committed 59096K, reserved 1101824K
  class space    used 7286K, capacity 7471K, committed 7552K, reserved 1048576K
Event: 26.996 GC heap after
Heap after GC invocations=14 (full 2):
 PSYoungGen      total 339456K, used 7849K [0x00000000d5d80000, 0x00000000ebe80000, 0x0000000100000000)
  eden space 316928K, 0% used [0x00000000d5d80000,0x00000000d5d80000,0x00000000e9300000)
  from space 22528K, 34% used [0x00000000ea880000,0x00000000eb02a6e8,0x00000000ebe80000)
  to   space 22016K, 0% used [0x00000000e9300000,0x00000000e9300000,0x00000000ea880000)
 ParOldGen       total 92672K, used 46768K [0x0000000081800000, 0x0000000087280000, 0x00000000d5d80000)
  object space 92672K, 50% used [0x0000000081800000,0x00000000845ac258,0x0000000087280000)
 Metaspace       used 58223K, capacity 58934K, committed 59096K, reserved 1101824K
  class space    used 7286K, capacity 7471K, committed 7552K, reserved 1048576K
}
Event: 26.996 GC heap before
{Heap before GC invocations=15 (full 3):
 PSYoungGen      total 339456K, used 7849K [0x00000000d5d80000, 0x00000000ebe80000, 0x0000000100000000)
  eden space 316928K, 0% used [0x00000000d5d80000,0x00000000d5d80000,0x00000000e9300000)
  from space 22528K, 34% used [0x00000000ea880000,0x00000000eb02a6e8,0x00000000ebe80000)
  to   space 22016K, 0% used [0x00000000e9300000,0x00000000e9300000,0x00000000ea880000)
 ParOldGen       total 92672K, used 46768K [0x0000000081800000, 0x0000000087280000, 0x00000000d5d80000)
  object space 92672K, 50% used [0x0000000081800000,0x00000000845ac258,0x0000000087280000)
 Metaspace       used 58223K, capacity 58934K, committed 59096K, reserved 1101824K
  class space    used 7286K, capacity 7471K, committed 7552K, reserved 1048576K
Event: 27.352 GC heap after
Heap after GC invocations=15 (full 3):
 PSYoungGen      total 339456K, used 0K [0x00000000d5d80000, 0x00000000ebe80000, 0x0000000100000000)
  eden space 316928K, 0% used [0x00000000d5d80000,0x00000000d5d80000,0x00000000e9300000)
  from space 22528K, 0% used [0x00000000ea880000,0x00000000ea880000,0x00000000ebe80000)
  to   space 22016K, 0% used [0x00000000e9300000,0x00000000e9300000,0x00000000ea880000)
 ParOldGen       total 140800K, used 46717K [0x0000000081800000, 0x000000008a180000, 0x00000000d5d80000)
  object space 140800K, 33% used [0x0000000081800000,0x000000008459f528,0x000000008a180000)
 Metaspace       used 58155K, capacity 58826K, committed 59096K, reserved 1101824K
  class space    used 7276K, capacity 7453K, committed 7552K, reserved 1048576K
}
Event: 34.701 GC heap before
{Heap before GC invocations=16 (full 3):
 PSYoungGen      total 339456K, used 316928K [0x00000000d5d80000, 0x00000000ebe80000, 0x0000000100000000)
  eden space 316928K, 100% used [0x00000000d5d80000,0x00000000e9300000,0x00000000e9300000)
  from space 22528K, 0% used [0x00000000ea880000,0x00000000ea880000,0x00000000ebe80000)
  to   space 22016K, 0% used [0x00000000e9300000,0x00000000e9300000,0x00000000ea880000)
 ParOldGen       total 140800K, used 46717K [0x0000000081800000, 0x000000008a180000, 0x00000000d5d80000)
  object space 140800K, 33% used [0x0000000081800000,0x000000008459f528,0x000000008a180000)
 Metaspace       used 65241K, capacity 66028K, committed 66432K, reserved 1107968K
  class space    used 8235K, capacity 8455K, committed 8576K, reserved 1048576K
Event: 34.718 GC heap after
Heap after GC invocations=16 (full 3):
 PSYoungGen      total 338944K, used 14977K [0x00000000d5d80000, 0x00000000f0180000, 0x0000000100000000)
  eden space 316928K, 0% used [0x00000000d5d80000,0x00000000d5d80000,0x00000000e9300000)
  from space 22016K, 68% used [0x00000000e9300000,0x00000000ea1a0670,0x00000000ea880000)
  to   space 22528K, 0% used [0x00000000eeb80000,0x00000000eeb80000,0x00000000f0180000)
 ParOldGen       total 140800K, used 46725K [0x0000000081800000, 0x000000008a180000, 0x00000000d5d80000)
  object space 140800K, 33% used [0x0000000081800000,0x00000000845a1528,0x000000008a180000)
 Metaspace       used 65241K, capacity 66028K, committed 66432K, reserved 1107968K
  class space    used 8235K, capacity 8455K, committed 8576K, reserved 1048576K
}
Event: 139.767 GC heap before
{Heap before GC invocations=17 (full 3):
 PSYoungGen      total 338944K, used 267927K [0x00000000d5d80000, 0x00000000f0180000, 0x0000000100000000)
  eden space 316928K, 79% used [0x00000000d5d80000,0x00000000e5485768,0x00000000e9300000)
  from space 22016K, 68% used [0x00000000e9300000,0x00000000ea1a0670,0x00000000ea880000)
  to   space 22528K, 0% used [0x00000000eeb80000,0x00000000eeb80000,0x00000000f0180000)
 ParOldGen       total 140800K, used 46725K [0x0000000081800000, 0x000000008a180000, 0x00000000d5d80000)
  object space 140800K, 33% used [0x0000000081800000,0x00000000845a1528,0x000000008a180000)
 Metaspace       used 66074K, capacity 66968K, committed 67200K, reserved 1107968K
  class space    used 8280K, capacity 8522K, committed 8576K, reserved 1048576K
Event: 139.776 GC heap after
Heap after GC invocations=17 (full 3):
 PSYoungGen      total 406528K, used 7952K [0x00000000d5d80000, 0x00000000f0080000, 0x0000000100000000)
  eden space 385024K, 0% used [0x00000000d5d80000,0x00000000d5d80000,0x00000000ed580000)
  from space 21504K, 36% used [0x00000000eeb80000,0x00000000ef3442a0,0x00000000f0080000)
  to   space 22016K, 0% used [0x00000000ed580000,0x00000000ed580000,0x00000000eeb00000)
 ParOldGen       total 140800K, used 46733K [0x0000000081800000, 0x000000008a180000, 0x00000000d5d80000)
  object space 140800K, 33% used [0x0000000081800000,0x00000000845a3528,0x000000008a180000)
 Metaspace       used 66074K, capacity 66968K, committed 67200K, reserved 1107968K
  class space    used 8280K, capacity 8522K, committed 8576K, reserved 1048576K
}
Event: 139.776 GC heap before
{Heap before GC invocations=18 (full 4):
 PSYoungGen      total 406528K, used 7952K [0x00000000d5d80000, 0x00000000f0080000, 0x0000000100000000)
  eden space 385024K, 0% used [0x00000000d5d80000,0x00000000d5d80000,0x00000000ed580000)
  from space 21504K, 36% used [0x00000000eeb80000,0x00000000ef3442a0,0x00000000f0080000)
  to   space 22016K, 0% used [0x00000000ed580000,0x00000000ed580000,0x00000000eeb00000)
 ParOldGen       total 140800K, used 46733K [0x0000000081800000, 0x000000008a180000, 0x00000000d5d80000)
  object space 140800K, 33% used [0x0000000081800000,0x00000000845a3528,0x000000008a180000)
 Metaspace       used 66074K, capacity 66968K, committed 67200K, reserved 1107968K
  class space    used 8280K, capacity 8522K, committed 8576K, reserved 1048576K
Event: 140.106 GC heap after
Heap after GC invocations=18 (full 4):
 PSYoungGen      total 406528K, used 0K [0x00000000d5d80000, 0x00000000f0080000, 0x0000000100000000)
  eden space 385024K, 0% used [0x00000000d5d80000,0x00000000d5d80000,0x00000000ed580000)
  from space 21504K, 0% used [0x00000000eeb80000,0x00000000eeb80000,0x00000000f0080000)
  to   space 22016K, 0% used [0x00000000ed580000,0x00000000ed580000,0x00000000eeb00000)
 ParOldGen       total 140800K, used 41939K [0x0000000081800000, 0x000000008a180000, 0x00000000d5d80000)
  object space 140800K, 29% used [0x0000000081800000,0x00000000840f4fe0,0x000000008a180000)
 Metaspace       used 66074K, capacity 66968K, committed 67200K, reserved 1107968K
  class space    used 8280K, capacity 8522K, committed 8576K, reserved 1048576K
}

Deoptimization events (10 events):
Event: 140.140 Thread 0x000000001ff57800 Uncommon trap: reason=unstable_if action=reinterpret pc=0x000000000413ea60 method=org.springframework.util.StringUtils.cleanPath(Ljava/lang/String;)Ljava/lang/String; @ 143
Event: 140.217 Thread 0x000000001ff57800 Uncommon trap: reason=unstable_if action=reinterpret pc=0x0000000004087174 method=java.io.File.isFile()Z @ 34
Event: 140.223 Thread 0x000000001ff57800 Uncommon trap: reason=unstable_if action=reinterpret pc=0x0000000003e6d394 method=org.springframework.core.annotation.AnnotationUtils.adaptValue(Ljava/lang/Object;Ljava/lang/Object;ZZ)Ljava/lang/Object; @ 8
Event: 140.611 Thread 0x000000001ff57800 Uncommon trap: reason=unstable_if action=reinterpret pc=0x0000000003403738 method=java.util.Properties.load0(Ljava/util/Properties$LineReader;)V @ 145
Event: 141.120 Thread 0x000000001ff57800 Uncommon trap: reason=predicate action=maybe_recompile pc=0x00000000043d5130 method=org.springframework.core.type.classreading.AnnotationReadingVisitorUtils.convertClassValues(Ljava/lang/Object;Ljava/lang/ClassLoader;Lorg/springframework/core/annotation/An¿<d G´a@
Event: 141.353 Thread 0x000000001ff57800 Uncommon trap: reason=bimorphic action=maybe_recompile pc=0x0000000002900508 method=java.util.AbstractCollection.containsAll(Ljava/util/Collection;)Z @ 1
Event: 141.353 Thread 0x000000001ff57800 Uncommon trap: reason=bimorphic action=maybe_recompile pc=0x0000000002900508 method=java.util.AbstractCollection.containsAll(Ljava/util/Collection;)Z @ 1
Event: 141.353 Thread 0x000000001ff57800 Uncommon trap: reason=bimorphic action=maybe_recompile pc=0x0000000002900508 method=java.util.AbstractCollection.containsAll(Ljava/util/Collection;)Z @ 1
Event: 141.397 Thread 0x000000001ff57800 Uncommon trap: reason=range_check action=make_not_entrant pc=0x0000000003c656d0 method=java.lang.String.charAt(I)C @ 27
Event: 141.819 Thread 0x000000001ff5f000 Uncommon trap: reason=unstable_if action=reinterpret pc=0x0000000003c5bc18 method=org.apache.catalina.core.StandardContext.getServletContext()Ljavax/servlet/ServletContext; @ 4

Internal exceptions (10 events):
Event: 141.850 Thread 0x000000001ff5f000 Exception <a 'java/lang/ClassNotFoundException': org/springframework/context/annotation/ConfigurationClassEnhancer$EnhancedConfigurationCustomizer> (0x00000000e11907f0) thrown at [D:\re\puppet\workspace\8-2-build-windows-amd64-cygwin\jdk8u73\6086\hotspot\søÁ—û\ªa@
Event: 141.855 Thread 0x000000001ff5f000 Exception <a 'java/lang/ClassNotFoundException': org/springframework/security/config/annotation/web/WebSecurityConfigurerCustomizer> (0x00000000e11b6d98) thrown at [D:\re\puppet\workspace\8-2-build-windows-amd64-cygwin\jdk8u73\6086\hotspot\src\share\vm\claÏ±„u3ºa@
Event: 141.881 Thread 0x000000001ff5f000 Exception <a 'java/lang/ClassNotFoundException': sbs/config/WebConfig$$EnhancerBySpringCGLIB$$f87174c6BeanInfo> (0x00000000e13544c8) thrown at [D:\re\puppet\workspace\8-2-build-windows-amd64-cygwin\jdk8u73\6086\hotspot\src\share\vm\classfile\systemDictionaÃ6Å3Bºa@
Event: 141.883 Thread 0x000000001ff5f000 Exception <a 'java/lang/ClassNotFoundException': sbs/config/WebConfigBeanInfo> (0x00000000e136a870) thrown at [D:\re\puppet\workspace\8-2-build-windows-amd64-cygwin\jdk8u73\6086\hotspot\src\share\vm\classfile\systemDictionary.cpp, line 210]
Event: 141.885 Thread 0x000000001ff5f000 Exception <a 'java/lang/ClassNotFoundException': org/springframework/web/servlet/config/annotation/WebMvcConfigurerAdapterBeanInfo> (0x00000000e1391e60) thrown at [D:\re\puppet\workspace\8-2-build-windows-amd64-cygwin\jdk8u73\6086\hotspot\src\share\vm\clasë9∂^ºa@
Event: 141.887 Thread 0x000000001ff5f000 Exception <a 'java/lang/ClassNotFoundException': org/springframework/web/servlet/config/annotation/WebMvcConfigurerAdapterCustomizer> (0x00000000e13ba6d8) thrown at [D:\re\puppet\workspace\8-2-build-windows-amd64-cygwin\jdk8u73\6086\hotspot\src\share\vm\clõÄñnºa@
Event: 141.888 Thread 0x000000001ff5f000 Exception <a 'java/lang/ClassNotFoundException': sbs/config/WebConfigCustomizer> (0x00000000e13e58c0) thrown at [D:\re\puppet\workspace\8-2-build-windows-amd64-cygwin\jdk8u73\6086\hotspot\src\share\vm\classfile\systemDictionary.cpp, line 210]
Event: 141.890 Thread 0x000000001ff5f000 Exception <a 'java/lang/ClassNotFoundException': sbs/config/WebConfig$$EnhancerBySpringCGLIB$$f87174c6Customizer> (0x00000000e140c970) thrown at [D:\re\puppet\workspace\8-2-build-windows-amd64-cygwin\jdk8u73\6086\hotspot\src\share\vm\classfile\systemDictioË VMÜºa@
Event: 141.891 Thread 0x000000001ff5f000 Exception <a 'java/lang/ClassNotFoundException': org/springframework/context/annotation/ConfigurationClassEnhancer$EnhancedConfigurationCustomizer> (0x00000000e1445640) thrown at [D:\re\puppet\workspace\8-2-build-windows-amd64-cygwin\jdk8u73\6086\hotspot\s¿S#ïºa@
Event: 141.893 Thread 0x000000001ff5f000 Exception <a 'java/lang/ClassNotFoundException': org/springframework/web/servlet/config/annotation/WebMvcConfigurerCustomizer> (0x00000000e146b600) thrown at [D:\re\puppet\workspace\8-2-build-windows-amd64-cygwin\jdk8u73\6086\hotspot\src\share\vm\classfile

Events (10 events):
Event: 141.968 loading class com/fasterxml/jackson/datatype/jsr310$JavaTimeModule
Event: 141.968 loading class com/fasterxml/jackson/datatype/jsr310$JavaTimeModule done
Event: 141.969 loading class com/fasterxml/jackson/datatype/joda/JodaModule
Event: 141.969 loading class com/fasterxml/jackson/datatype/joda/JodaModule done
Event: 141.969 loading class com/fasterxml/jackson/datatype/joda$JodaModule
Event: 141.969 loading class com/fasterxml/jackson/datatype/joda$JodaModule done
Event: 141.969 loading class kotlin/Unit
Event: 141.969 loading class kotlin/Unit done
Event: 141.969 loading class kotlin$Unit
Event: 141.969 loading class kotlin$Unit done


Dynamic libraries:
0x00007ff7e36f0000 - 0x00007ff7e3727000 	C:\Program Files\Java\jdk1.8.0_73\bin\javaw.exe
0x00007ff9a59f0000 - 0x00007ff9a5bd1000 	C:\WINDOWS\SYSTEM32\ntdll.dll
0x00007ff9839c0000 - 0x00007ff9839f4000 	C:\Program Files\AVAST Software\Avast\x64\aswhooka.dll
0x00007ff9a4e80000 - 0x00007ff9a4f32000 	C:\WINDOWS\System32\KERNEL32.DLL
0x00007ff9a1ef0000 - 0x00007ff9a2163000 	C:\WINDOWS\System32\KERNELBASE.dll
0x00007ff9a3570000 - 0x00007ff9a3611000 	C:\WINDOWS\System32\ADVAPI32.dll
0x00007ff9a5210000 - 0x00007ff9a52ae000 	C:\WINDOWS\System32\msvcrt.dll
0x00007ff9a31b0000 - 0x00007ff9a320b000 	C:\WINDOWS\System32\sechost.dll
0x00007ff9a4fa0000 - 0x00007ff9a50c4000 	C:\WINDOWS\System32\RPCRT4.dll
0x00007ff9a4c70000 - 0x00007ff9a4e00000 	C:\WINDOWS\System32\USER32.dll
0x00007ff9a21d0000 - 0x00007ff9a21f0000 	C:\WINDOWS\System32\win32u.dll
0x00007ff9a52b0000 - 0x00007ff9a52d8000 	C:\WINDOWS\System32\GDI32.dll
0x00007ff9a2be0000 - 0x00007ff9a2d72000 	C:\WINDOWS\System32\gdi32full.dll
0x00007ff9a2b40000 - 0x00007ff9a2bdf000 	C:\WINDOWS\System32\msvcp_win.dll
0x00007ff9a2d80000 - 0x00007ff9a2e7a000 	C:\WINDOWS\System32\ucrtbase.dll
0x00007ff99ac90000 - 0x00007ff99aef9000 	C:\WINDOWS\WinSxS\amd64_microsoft.windows.common-controls_6595b64144ccf1df_6.0.17134.48_none_b4b2216a3cb4dd3e\COMCTL32.dll
0x00007ff9a2e80000 - 0x00007ff9a31a3000 	C:\WINDOWS\System32\combase.dll
0x00007ff9a1dc0000 - 0x00007ff9a1e3a000 	C:\WINDOWS\System32\bcryptPrimitives.dll
0x00007ff9a50d0000 - 0x00007ff9a50fd000 	C:\WINDOWS\System32\IMM32.DLL
0x0000000062010000 - 0x00000000620e2000 	C:\Program Files\Java\jdk1.8.0_73\jre\bin\msvcr100.dll
0x0000000061780000 - 0x0000000062010000 	C:\Program Files\Java\jdk1.8.0_73\jre\bin\server\jvm.dll
0x00007ff9a4c60000 - 0x00007ff9a4c68000 	C:\WINDOWS\System32\PSAPI.DLL
0x00007ff990b80000 - 0x00007ff990b89000 	C:\WINDOWS\SYSTEM32\WSOCK32.dll
0x00007ff9a5100000 - 0x00007ff9a516c000 	C:\WINDOWS\System32\WS2_32.dll
0x00007ff99fc80000 - 0x00007ff99fca3000 	C:\WINDOWS\SYSTEM32\WINMM.dll
0x00007ff99bf90000 - 0x00007ff99bf9a000 	C:\WINDOWS\SYSTEM32\VERSION.dll
0x00007ff99fc50000 - 0x00007ff99fc7a000 	C:\WINDOWS\SYSTEM32\WINMMBASE.dll
0x00007ff9a21f0000 - 0x00007ff9a2239000 	C:\WINDOWS\System32\cfgmgr32.dll
0x0000000061770000 - 0x000000006177f000 	C:\Program Files\Java\jdk1.8.0_73\jre\bin\verify.dll
0x0000000061740000 - 0x0000000061769000 	C:\Program Files\Java\jdk1.8.0_73\jre\bin\java.dll
0x0000000061720000 - 0x0000000061736000 	C:\Program Files\Java\jdk1.8.0_73\jre\bin\zip.dll
0x00007ff9a3680000 - 0x00007ff9a4ac0000 	C:\WINDOWS\System32\SHELL32.dll
0x00007ff9a5340000 - 0x00007ff9a53e9000 	C:\WINDOWS\System32\shcore.dll
0x00007ff9a2430000 - 0x00007ff9a2b3d000 	C:\WINDOWS\System32\windows.storage.dll
0x00007ff9a52e0000 - 0x00007ff9a5331000 	C:\WINDOWS\System32\shlwapi.dll
0x00007ff9a1d00000 - 0x00007ff9a1d11000 	C:\WINDOWS\System32\kernel.appcore.dll
0x00007ff9a1d90000 - 0x00007ff9a1daf000 	C:\WINDOWS\System32\profapi.dll
0x00007ff9a1d20000 - 0x00007ff9a1d6c000 	C:\WINDOWS\System32\powrprof.dll
0x00007ff9a1db0000 - 0x00007ff9a1dba000 	C:\WINDOWS\System32\FLTLIB.DLL
0x0000000061710000 - 0x000000006171d000 	C:\Program Files\Java\jdk1.8.0_73\jre\bin\management.dll
0x00000000616f0000 - 0x000000006170a000 	C:\Program Files\Java\jdk1.8.0_73\jre\bin\net.dll
0x00007ff9a1530000 - 0x00007ff9a1596000 	C:\WINDOWS\system32\mswsock.dll
0x00000000616d0000 - 0x00000000616e1000 	C:\Program Files\Java\jdk1.8.0_73\jre\bin\nio.dll
0x00007ff98dde0000 - 0x00007ff98ddf6000 	C:\WINDOWS\system32\napinsp.dll
0x00007ff98c620000 - 0x00007ff98c63a000 	C:\WINDOWS\system32\pnrpnsp.dll
0x00007ff99e7c0000 - 0x00007ff99e7d9000 	C:\WINDOWS\system32\NLAapi.dll
0x00007ff9a1310000 - 0x00007ff9a13ce000 	C:\WINDOWS\SYSTEM32\DNSAPI.dll
0x00007ff9a5560000 - 0x00007ff9a5568000 	C:\WINDOWS\System32\NSI.dll
0x00007ff9a12c0000 - 0x00007ff9a12f8000 	C:\WINDOWS\SYSTEM32\IPHLPAPI.DLL
0x00007ff98ddd0000 - 0x00007ff98ddde000 	C:\WINDOWS\System32\winrnr.dll
0x00007ff998700000 - 0x00007ff99870a000 	C:\Windows\System32\rasadhlp.dll
0x00007ff99b410000 - 0x00007ff99b482000 	C:\WINDOWS\System32\fwpuclnt.dll
0x00007ff9a1860000 - 0x00007ff9a1885000 	C:\WINDOWS\SYSTEM32\bcrypt.dll
0x00007ff9a1740000 - 0x00007ff9a1757000 	C:\WINDOWS\SYSTEM32\CRYPTSP.dll
0x00007ff9a1120000 - 0x00007ff9a1153000 	C:\WINDOWS\system32\rsaenh.dll
0x00007ff9a1c30000 - 0x00007ff9a1c58000 	C:\WINDOWS\SYSTEM32\USERENV.dll
0x00007ff9a1690000 - 0x00007ff9a169b000 	C:\WINDOWS\SYSTEM32\CRYPTBASE.dll
0x00007ff99c360000 - 0x00007ff99c376000 	C:\WINDOWS\SYSTEM32\dhcpcsvc6.DLL
0x00007ff99c340000 - 0x00007ff99c35a000 	C:\WINDOWS\SYSTEM32\dhcpcsvc.DLL
0x00000000616c0000 - 0x00000000616c9000 	C:\Program Files\Java\jdk1.8.0_73\jre\bin\attach.dll
0x0000000061690000 - 0x00000000616b3000 	C:\Program Files\Java\jdk1.8.0_73\jre\bin\instrument.dll

VM Arguments:
jvm_args: -Dcom.sun.management.jmxremote -Dcom.sun.management.jmxremote.port=55015 -Dcom.sun.management.jmxremote.authenticate=false -Dcom.sun.management.jmxremote.ssl=false -Dspring.liveBeansView.mbeanDomain -Dspring.application.admin.enabled=true -Dfile.encoding=UTF-8 
java_command: sbs.SpringBootMvcStarterApplication --spring.output.ansi.enabled=always
java_class_path (initial): D:\_PROGRAMMING\_JAVA_EE\SpringMVC4\SpringBootMVCStarter\target\classes;C:\Users\Viruss\.m2\repository\org\springframework\boot\spring-boot-devtools\1.5.1.RELEASE\spring-boot-devtools-1.5.1.RELEASE.jar;C:\Users\Viruss\.m2\repository\org\springframework\boot\spring-boot\1.5.1.RELEASE\spring-boot-1.5.1.RELEASE.jar;C:\Users\Viruss\.m2\repository\org\springframework\boot\spring-boot-autoconfigure\1.5.1.RELEASE\spring-boot-autoconfigure-1.5.1.RELEASE.jar;C:\Users\Viruss\.m2\repository\org\springframework\boot\spring-boot-starter-cache\1.5.1.RELEASE\spring-boot-starter-cache-1.5.1.RELEASE.jar;C:\Users\Viruss\.m2\repository\org\springframework\boot\spring-boot-starter\1.5.1.RELEASE\spring-boot-starter-1.5.1.RELEASE.jar;C:\Users\Viruss\.m2\repository\org\springframework\boot\spring-boot-starter-logging\1.5.1.RELEASE\spring-boot-starter-logging-1.5.1.RELEASE.jar;C:\Users\Viruss\.m2\repository\ch\qos\logback\logback-classic\1.1.9\logback-classic-1.1.9.jar;C:\Users\Viruss\.m2\repository\ch\qos\logback\logback-core\1.1.9\logback-core-1.1.9.jar;C:\Users\Viruss\.m2\repository\org\slf4j\jul-to-slf4j\1.7.22\jul-to-slf4j-1.7.22.jar;C:\Users\Viruss\.m2\repository\org\slf4j\log4j-over-slf4j\1.7.22\log4j-over-slf4j-1.7.22.jar;C:\Users\Viruss\.m2\repository\org\yaml\snakeyaml\1.17\snakeyaml-1.17.jar;C:\Users\Viruss\.m2\repository\org\springframework\spring-context\4.3.6.RELEASE\spring-context-4.3.6.RELEASE.jar;C:\Users\Viruss\.m2\repository\org\springframework\spring-beans\4.3.6.RELEASE\spring-beans-4.3.6.RELEASE.jar;C:\Users\Viruss\.m2\repository\org\springframework\spring-expression\4.3.6.RELEASE\spring-expression-4.3.6.RELEASE.jar;C:\Users\Viruss\.m2\repository\org\springframework\spring-context-support\4.3.6.RELEASE\spring-context-support-4.3.6.RELEASE.jar;C:\Users\Viruss\.m2\repository\net\sf\ehcache\ehcache\2.10.3\ehcache-2.10.3.jar;C:\Users\Viruss\.m2\repository\org\slf4j\slf4j-api\1.7.22\slf4j-api-1.7.22.jar;C:\Users\Viruss\.m2\repository\org\springf
Launcher Type: SUN_STANDARD

Environment Variables:
JAVA_HOME=C:\Program Files\Java\jdk1.8.0_73
PATH=C:/Program Files/Java/jre1.8.0_171/bin/server;C:/Program Files/Java/jre1.8.0_171/bin;C:/Program Files/Java/jre1.8.0_171/lib/amd64;C:\Program Files (x86)\Common Files\Oracle\Java\javapath;C:\ProgramData\Oracle\Java\javapath;C:\Windows\System32;C:\Windows;C:\Windows\System32\wbem;C:\Windows\System32\WindowsPowerShell\v1.0\;C:\Program Files (x86)\NVIDIA Corporation\PhysX\Common;D:\_PROGRAMMING\_JAVA_EE\java_ee_sdk-7u2\glassfish4\bin;D:\_PROGRAMMING\_JAVA_EE\java_ee_sdk-7u2\glassfish4\glassfish\bin;C:\Program Files\Git\cmd;C:\Program Files (x86)\Microsoft SQL Server\Client SDK\ODBC\130\Tools\Binn\;C:\Program Files (x86)\Microsoft SQL Server\130\Tools\Binn\;C:\Program Files (x86)\Microsoft SQL Server\130\DTS\Binn\;C:\Program Files (x86)\Microsoft SQL Server\130\Tools\Binn\ManagementStudio\;C:\Program Files (x86)\Heroku\bin;C:\Program Files (x86)\Git\cmd;C:\apache-maven-3.3.9\bin;C:\Program Files\MySQL\MySQL Utilities 1.6\;C:\Program Files (x86)\Skype\Phone\;C:\WINDOWS\system32;C:\WINDOWS;C:\WINDOWS\System32\Wbem;C:\WINDOWS\System32\WindowsPowerShell\v1.0\;C:\WINDOWS\System32\OpenSSH\;C:\Users\Viruss\AppData\Local\Microsoft\WindowsApps;;D:\_PROGRAMMING\_JAVA_EE\_SPRING_ECLIPSE\sts-bundle\sts-3.8.2.RELEASE;
USERNAME=Viruss
OS=Windows_NT
PROCESSOR_IDENTIFIER=AMD64 Family 21 Model 2 Stepping 0, AuthenticAMD



---------------  S Y S T E M  ---------------

OS: Windows 10.0 , 64 bit Build 17134 (10.0.17134.1)

CPU:total 8 (8 cores per cpu, 1 threads per core) family 21 model 2 stepping 0, cmov, cx8, fxsr, mmx, sse, sse2, sse3, ssse3, sse4.1, sse4.2, popcnt, avx, aes, clmul, mmxext, 3dnowpref, lzcnt, sse4a, tsc, tscinvbit, tscinv, bmi1

Memory: 4k page, physical 8284956k(2398400k free), swap 9333532k(108k free)

vm_info: Java HotSpot(TM) 64-Bit Server VM (25.73-b02) for windows-amd64 JRE (1.8.0_73-b02), built on Jan 29 2016 17:38:49 by "java_re" with MS VC++ 10.0 (VS2010)

time: Sun May 27 14:57:42 2018
elapsed time: 141 seconds (0d 0h 2m 21s)

